<?xml version="1.0" encoding="UTF-8"?>
<coverage generated="1702654854830" clover="3.2.0">
  <project timestamp="1702654854830" name="All files">
    <metrics statements="23" coveredstatements="23" conditionals="1" coveredconditionals="1" methods="6" coveredmethods="6" elements="30" coveredelements="30" complexity="0" loc="23" ncloc="23" packages="2" files="3" classes="3"/>
    <package name="ErrorBoundary">
      <metrics statements="17" coveredstatements="17" conditionals="1" coveredconditionals="1" methods="5" coveredmethods="5"/>
      <file name="ErrorBoundary.tsx" path="C:\Users\mat_k\OneDrive\Рабочий стол\Учеба\RSSchool\graphiql-app\src\components\ErrorBoundary\ErrorBoundary.tsx">
        <metrics statements="14" coveredstatements="14" conditionals="1" coveredconditionals="1" methods="4" coveredmethods="4"/>
        <line num="1" count="1" type="stmt"/>
        <line num="2" count="1" type="stmt"/>
        <line num="14" count="6" type="stmt"/>
        <line num="15" count="5" type="stmt"/>
        <line num="18" count="1" type="stmt"/>
        <line num="19" count="4" type="stmt"/>
        <line num="22" count="5" type="stmt"/>
        <line num="23" count="2" type="stmt"/>
        <line num="24" count="2" type="stmt"/>
        <line num="28" count="9" type="stmt"/>
        <line num="29" count="9" type="cond" truecount="1" falsecount="0"/>
        <line num="30" count="4" type="stmt"/>
        <line num="32" count="5" type="stmt"/>
        <line num="36" count="1" type="stmt"/>
      </file>
      <file name="ErrorPage.tsx" path="C:\Users\mat_k\OneDrive\Рабочий стол\Учеба\RSSchool\graphiql-app\src\components\ErrorBoundary\ErrorPage.tsx">
        <metrics statements="3" coveredstatements="3" conditionals="0" coveredconditionals="0" methods="1" coveredmethods="1"/>
        <line num="1" count="1" type="stmt"/>
        <line num="2" count="4" type="stmt"/>
        <line num="9" count="1" type="stmt"/>
      </file>
    </package>
    <package name="Footer">
      <metrics statements="6" coveredstatements="6" conditionals="0" coveredconditionals="0" methods="1" coveredmethods="1"/>
      <file name="Footer.tsx" path="C:\Users\mat_k\OneDrive\Рабочий стол\Учеба\RSSchool\graphiql-app\src\components\Footer\Footer.tsx">
        <metrics statements="6" coveredstatements="6" conditionals="0" coveredconditionals="0" methods="1" coveredmethods="1"/>
        <line num="2" count="1" type="stmt"/>
        <line num="3" count="1" type="stmt"/>
        <line num="5" count="1" type="stmt"/>
        <line num="6" count="2" type="stmt"/>
        <line num="8" count="2" type="stmt"/>
        <line num="66" count="1" type="stmt"/>
      </file>
    </package>
  </project>
</coverage>
