{"C:\\Users\\mat_k\\OneDrive\\Рабочий стол\\Учеба\\RSSchool\\graphiql-app\\src\\components\\ErrorBoundary\\ErrorBoundary.tsx": {"path":"C:\\Users\\mat_k\\OneDrive\\Рабочий стол\\Учеба\\RSSchool\\graphiql-app\\src\\components\\ErrorBoundary\\ErrorBoundary.tsx","statementMap":{"0":{"start":{"line":1,"column":0},"end":{"line":1,"column":56}},"1":{"start":{"line":2,"column":0},"end":{"line":2,"column":36}},"2":{"start":{"line":14,"column":4},"end":{"line":14,"column":17}},"3":{"start":{"line":22,"column":2},"end":{"line":25,"column":null}},"4":{"start":{"line":23,"column":4},"end":{"line":23,"column":43}},"5":{"start":{"line":24,"column":4},"end":{"line":24,"column":84}},"6":{"start":{"line":15,"column":4},"end":{"line":15,"column":37}},"7":{"start":{"line":28,"column":25},"end":{"line":28,"column":35}},"8":{"start":{"line":29,"column":4},"end":{"line":31,"column":5}},"9":{"start":{"line":30,"column":6},"end":{"line":30,"column":27}},"10":{"start":{"line":32,"column":4},"end":{"line":32,"column":31}},"11":{"start":{"line":18,"column":9},"end":{"line":18,"column":36}},"12":{"start":{"line":19,"column":4},"end":{"line":19,"column":30}},"13":{"start":{"line":36,"column":0},"end":{"line":36,"column":29}}},"fnMap":{"0":{"name":"(anonymous_1)","decl":{"start":{"line":13,"column":2},"end":{"line":13,"column":14}},"loc":{"start":{"line":13,"column":26},"end":{"line":16,"column":3}}},"1":{"name":"(anonymous_2)","decl":{"start":{"line":22,"column":22},"end":{"line":22,"column":23}},"loc":{"start":{"line":22,"column":67},"end":{"line":25,"column":3}}},"2":{"name":"(anonymous_3)","decl":{"start":{"line":27,"column":2},"end":{"line":27,"column":8}},"loc":{"start":{"line":27,"column":8},"end":{"line":33,"column":3}}},"3":{"name":"(anonymous_4)","decl":{"start":{"line":18,"column":36},"end":{"line":18,"column":46}},"loc":{"start":{"line":18,"column":48},"end":{"line":20,"column":3}}}},"branchMap":{"0":{"loc":{"start":{"line":29,"column":4},"end":{"line":31,"column":5}},"type":"if","locations":[{"start":{"line":29,"column":4},"end":{"line":31,"column":5}}]}},"s":{"0":1,"1":1,"2":6,"3":5,"4":2,"5":2,"6":5,"7":9,"8":9,"9":4,"10":5,"11":1,"12":4,"13":1},"f":{"0":6,"1":2,"2":9,"3":4},"b":{"0":[4]}}
,"C:\\Users\\mat_k\\OneDrive\\Рабочий стол\\Учеба\\RSSchool\\graphiql-app\\src\\components\\ErrorBoundary\\ErrorPage.tsx": {"path":"C:\\Users\\mat_k\\OneDrive\\Рабочий стол\\Учеба\\RSSchool\\graphiql-app\\src\\components\\ErrorBoundary\\ErrorPage.tsx","statementMap":{"0":{"start":{"line":1,"column":28},"end":{"line":7,"column":1}},"1":{"start":{"line":2,"column":2},"end":{"line":6,"column":4}},"2":{"start":{"line":9,"column":0},"end":{"line":9,"column":25}}},"fnMap":{"0":{"name":"(anonymous_0)","decl":{"start":{"line":1,"column":28},"end":{"line":1,"column":31}},"loc":{"start":{"line":1,"column":33},"end":{"line":7,"column":1}}}},"branchMap":{},"s":{"0":1,"1":4,"2":1},"f":{"0":4},"b":{}}
,"C:\\Users\\mat_k\\OneDrive\\Рабочий стол\\Учеба\\RSSchool\\graphiql-app\\src\\components\\Footer\\Footer.tsx": {"path":"C:\\Users\\mat_k\\OneDrive\\Рабочий стол\\Учеба\\RSSchool\\graphiql-app\\src\\components\\Footer\\Footer.tsx","statementMap":{"0":{"start":{"line":2,"column":0},"end":{"line":2,"column":40}},"1":{"start":{"line":3,"column":0},"end":{"line":3,"column":70}},"2":{"start":{"line":5,"column":25},"end":{"line":64,"column":1}},"3":{"start":{"line":6,"column":44},"end":{"line":6,"column":64}},"4":{"start":{"line":8,"column":2},"end":{"line":63,"column":4}},"5":{"start":{"line":66,"column":0},"end":{"line":66,"column":22}}},"fnMap":{"0":{"name":"(anonymous_1)","decl":{"start":{"line":5,"column":25},"end":{"line":5,"column":28}},"loc":{"start":{"line":5,"column":30},"end":{"line":64,"column":1}}}},"branchMap":{},"s":{"0":1,"1":1,"2":1,"3":2,"4":2,"5":1},"f":{"0":2},"b":{}}
}
