TN:
SF:src\components\Header\Header.tsx
FN:8,Header
FN:14,handleScroll
FNF:2
FNH:1
FNDA:3,Header
FNDA:0,handleScroll
DA:1,1
DA:2,1
DA:3,1
DA:4,1
DA:5,1
DA:6,1
DA:7,1
DA:8,1
DA:9,3
DA:10,3
DA:11,3
DA:12,3
DA:13,3
DA:14,2
DA:15,0
DA:16,0
DA:17,0
DA:18,0
DA:19,0
DA:20,2
DA:21,2
DA:22,2
DA:23,2
DA:24,2
DA:25,2
DA:26,2
DA:27,3
DA:28,3
DA:29,3
DA:30,3
DA:31,3
DA:32,3
DA:33,3
DA:34,3
DA:35,0
DA:36,0
DA:37,0
DA:38,0
DA:39,0
DA:40,0
DA:41,0
DA:42,0
DA:43,0
DA:44,0
DA:45,0
DA:46,0
DA:47,0
DA:48,3
DA:49,2
DA:50,2
DA:51,2
DA:52,2
DA:53,2
DA:54,2
DA:55,2
DA:56,2
DA:57,2
DA:58,2
DA:59,2
DA:60,2
DA:61,2
DA:62,3
DA:63,3
DA:64,3
DA:65,3
DA:66,1
DA:67,1
LF:67
LH:49
BRDA:8,0,0,3
BRDA:31,1,0,0
BRDA:31,2,0,2
BRDA:34,3,0,0
BRDA:48,4,0,2
BRDA:13,5,0,2
BRDA:24,6,0,2
BRF:7
BRH:5
end_of_record
TN:
SF:src\utils\Firebase.tsx
FN:24,registerWithEmailAndPassword
FN:41,logInWithEmailAndPassword
FN:52,logout
FNF:3
FNH:0
FNDA:0,registerWithEmailAndPassword
FNDA:0,logInWithEmailAndPassword
FNDA:0,logout
DA:1,1
DA:2,1
DA:3,1
DA:4,1
DA:5,1
DA:6,1
DA:7,1
DA:8,1
DA:9,1
DA:10,1
DA:11,1
DA:12,1
DA:13,1
DA:14,1
DA:15,1
DA:16,1
DA:17,1
DA:18,1
DA:19,1
DA:20,1
DA:21,1
DA:22,1
DA:23,1
DA:24,1
DA:25,0
DA:26,0
DA:27,0
DA:28,0
DA:29,0
DA:30,0
DA:31,0
DA:32,0
DA:33,0
DA:34,0
DA:35,0
DA:36,0
DA:37,0
DA:38,0
DA:39,0
DA:40,1
DA:41,1
DA:42,0
DA:43,0
DA:44,0
DA:45,0
DA:46,0
DA:47,0
DA:48,0
DA:49,0
DA:50,0
DA:51,1
DA:52,1
DA:53,0
DA:54,0
LF:54
LH:28
BRF:0
BRH:0
end_of_record
